<?xml version="1.0" encoding="UTF-8"?>
<!-- Generated by org.testng.reporters.JUnitReportReporter -->
<testsuite hostname="DESKTOP-568FIR7" name="com.hrms.testscript.TC_003" tests="1" failures="0" timestamp="24 Dec 2019 13:49:25 GMT" time="31.719" errors="0">
  <testcase name="tc_003" time="31.719" classname="com.hrms.testscript.TC_003"/>
</testsuite> <!-- com.hrms.testscript.TC_003 -->
