<?xml version="1.0" encoding="UTF-8"?>
<!-- Generated by org.testng.reporters.JUnitReportReporter -->
<testsuite hostname="DESKTOP-568FIR7" name="com.hrms.testscript.TC_002" tests="1" failures="0" timestamp="8 Jan 2020 05:27:22 GMT" time="22.078" errors="0">
  <testcase name="tc_002" time="22.078" classname="com.hrms.testscript.TC_002"/>
</testsuite> <!-- com.hrms.testscript.TC_002 -->
