<?xml version="1.0" encoding="UTF-8"?>
<!-- Generated by org.testng.reporters.JUnitReportReporter -->
<testsuite hostname="DESKTOP-568FIR7" name="com.hrms.testscript.TC_001" tests="1" failures="0" timestamp="8 Jan 2020 05:26:43 GMT" time="51.721" errors="0">
  <testcase name="tc_001" time="51.721" classname="com.hrms.testscript.TC_001"/>
</testsuite> <!-- com.hrms.testscript.TC_001 -->
